<?xml version="1.0" encoding="UTF-8" ?><testsuite errors="0" name="jasmine.specs" tests="7" failures="0" skipped="0" hostname="localhost" time="0.0" timestamp="2017-01-29T11:39:00"><testcase classname="jasmine" name="App Default headers include X-Requested-With" time="0.0" failure="false"/><testcase classname="jasmine" name="App Home Controller says Hello Test when controller loads" time="0.0" failure="false"/><testcase classname="jasmine" name="App Navigation Controller tries to authenticate when controller loads" time="0.0" failure="false"/><testcase classname="jasmine" name="App Navigation Controller Login authenticates successfully with correct credentials" time="0.0" failure="false"/><testcase classname="jasmine" name="App Navigation Controller Login does not authenticate successfully if credentials are bad" time="0.0" failure="false"/><testcase classname="jasmine" name="App Navigation Controller Logout successful logout" time="0.0" failure="false"/><testcase classname="jasmine" name="App Navigation Controller Logout unsuccessful logout" time="0.0" failure="false"/></testsuite>